This is pdfTeX, Version 3.141592653-2.6-1.40.23 (TeX Live 2021/W32TeX) (preloaded format=pdflatex 2021.11.17)  13 JAN 2022 00:07
entering extended mode
 restricted \write18 enabled.
 %&-line parsing enabled.
**reporte_covid.tex
(./reporte_covid.tex
LaTeX2e <2021-11-15>
L3 programming layer <2021-11-12>

! LaTeX Error: File `article.cls' not found.

Type X to quit or <RETURN> to proceed,
or enter new name. (Default extension: cls)

Enter file name: 
! Emergency stop.
<read *> 
         
l.7 \title
          {Reporte COVID}^^M 
Here is how much of TeX's memory you used:
 29 strings out of 480331
 608 string characters out of 5895954
 290792 words of memory out of 5000000
 17984 multiletter control sequences out of 15000+600000
 403430 words of font info for 27 fonts, out of 8000000 for 9000
 14 hyphenation exceptions out of 8191
 19i,0n,29p,92b,17s stack positions out of 5000i,500n,10000p,200000b,80000s

!  ==> Fatal error occurred, no output PDF file produced!
